<?xml version="1.0" encoding="UTF-8"?>
<!-- Generated by org.testng.reporters.JUnitXMLReporter -->
<testsuite hostname="DeviManikandan" name="FileUpload" tests="2" failures="1" timestamp="30 Nov 2016 17:22:07 GMT" time="0.044" errors="0">
  <testcase name="UploadInServerTest" time="0.013" classname="TestCase.UploadFile"/>
  <testcase name="ClearPE" time="0.003" classname="TestCase.UploadFile">
    <failure type="java.lang.AssertionError" message="expected [B] but found [A]">
      <![CDATA[java.lang.AssertionError: expected [B] but found [A]
	at TestCase.UploadFile.ClearPE(UploadFile.java:17)
... Removed 31 stack frames]]>
    </failure>
  </testcase> <!-- ClearPE -->
</testsuite> <!-- FileUpload -->
