<?xml version="1.0" encoding="UTF-8"?>
<!-- Generated by org.testng.reporters.JUnitXMLReporter -->
<testsuite hostname="DeviManikandan" name="RegisterCustomer" tests="4" failures="0" timestamp="26 Nov 2016 09:51:51 GMT" time="0.024" errors="0">
  <testcase name="RegisterCompanyCustomer" time="0.002" classname="TestCase.TestCase2"/>
  <testcase name="RegisterCompanyCustomer" time="0.001" classname="TestCase.TestCase2"/>
  <testcase name="RegisterIndCustomer" time="0.005" classname="TestCase.TestCase2"/>
  <testcase name="RegisterIndCustomer" time="0.004" classname="TestCase.TestCase2"/>
</testsuite> <!-- RegisterCustomer -->
